<?xml version="1.0" encoding="UTF-8"?>
<!-- Generated by org.testng.reporters.JUnitXMLReporter -->
<testsuite hostname="LAPTOP-ACPEIK89" ignored="2" name="Login" tests="2" failures="0" timestamp="2023-06-18T18:38:33 IST" time="60.292" errors="0">
  <testcase name="runLogin" time="12.045" classname="com.learnerhub.testcases.TC001_JustLogin"/>
  <testcase name="runRegister" time="51.675" classname="com.learnerhub.testcases.TC002_Register"/>
  <testcase name="@AfterSuite endResult" time="0.0" classname="com.framework.utils.ExtentReporter">
    <ignored/>
  </testcase> <!-- @AfterSuite endResult -->
  <testcase name="@BeforeSuite startReport" time="0.0" classname="com.framework.utils.ExtentReporter">
    <ignored/>
  </testcase> <!-- @BeforeSuite startReport -->
</testsuite> <!-- Login -->
